
> roster-website-backend@1.0.0 dev
> nodemon src/index.js

[33m[nodemon] 3.1.11[39m
[33m[nodemon] to restart at any time, enter `rs`[39m
[33m[nodemon] watching path(s): *.*[39m
[33m[nodemon] watching extensions: js,mjs,cjs,json[39m
[32m[nodemon] starting `node src/index.js`[39m
[dotenv@17.2.3] injecting env (7) from .env -- tip: âš™ï¸  write to custom object with { processEnv: myObject }
[dotenv@17.2.3] injecting env (0) from .env -- tip: âš™ï¸  write to custom object with { processEnv: myObject }
âœ“ Database connected successfully
âœ“ Server running on port 5000
âœ“ Environment: development
[32m[nodemon] clean exit - waiting for changes before restart[39m
[32m[nodemon] restarting due to changes...[39m
[32m[nodemon] starting `node src/index.js`[39m
[dotenv@17.2.3] injecting env (7) from .env -- tip: âš™ï¸  write to custom object with { processEnv: myObject }
[dotenv@17.2.3] injecting env (0) from .env -- tip: ðŸ”‘ add access controls to secrets: https://dotenvx.com/ops
âœ“ Database connected successfully
âœ“ Server running on port 5000
âœ“ Environment: development
[32m[nodemon] restarting due to changes...[39m
[32m[nodemon] starting `node src/index.js`[39m
[dotenv@17.2.3] injecting env (7) from .env -- tip: âš™ï¸  load multiple .env files with { path: ['.env.local', '.env'] }
[dotenv@17.2.3] injecting env (0) from .env -- tip: ðŸ” prevent committing .env to code: https://dotenvx.com/precommit
âœ“ Database connected successfully
âœ“ Server running on port 5000
âœ“ Environment: development
[32m[nodemon] clean exit - waiting for changes before restart[39m
[32m[nodemon] restarting due to changes...[39m
[32m[nodemon] starting `node src/index.js`[39m
[dotenv@17.2.3] injecting env (7) from .env -- tip: âš™ï¸  specify custom .env file path with { path: '/custom/path/.env' }
[dotenv@17.2.3] injecting env (0) from .env -- tip: ðŸ”„ add secrets lifecycle management: https://dotenvx.com/ops
âœ“ Database connected successfully
âœ“ Server running on port 5000
âœ“ Environment: development
[32m[nodemon] restarting due to changes...[39m
[32m[nodemon] starting `node src/index.js`[39m
[dotenv@17.2.3] injecting env (7) from .env -- tip: ðŸ› ï¸  run anywhere with `dotenvx run -- yourcommand`
[dotenv@17.2.3] injecting env (0) from .env -- tip: ðŸ—‚ï¸ backup and recover secrets: https://dotenvx.com/ops
âœ“ Database connected successfully
âœ“ Server running on port 5000
âœ“ Environment: development
[32m[nodemon] clean exit - waiting for changes before restart[39m
[32m[nodemon] restarting due to changes...[39m
[32m[nodemon] starting `node src/index.js`[39m
[dotenv@17.2.3] injecting env (7) from .env -- tip: ðŸ” encrypt with Dotenvx: https://dotenvx.com
[dotenv@17.2.3] injecting env (0) from .env -- tip: ðŸ”„ add secrets lifecycle management: https://dotenvx.com/ops
âœ“ Database connected successfully
âœ“ Server running on port 5000
âœ“ Environment: development
prisma:query SELECT "public"."sites"."id", "public"."sites"."siteLocationName", "public"."sites"."shortName", "public"."sites"."defaultStartTime", "public"."sites"."defaultEndTime", "public"."sites"."defaultShiftDuration", "public"."sites"."timezone" FROM "public"."sites" WHERE "public"."sites"."status" = CAST($1::text AS "public"."SiteStatus") ORDER BY "public"."sites"."shortName" ASC OFFSET $2
[0mGET /api/scheduler/sites [36m304[0m 1276.385 ms - -[0m
prisma:query SELECT "public"."sites"."id", "public"."sites"."siteLocationName", "public"."sites"."shortName", "public"."sites"."defaultStartTime", "public"."sites"."defaultEndTime", "public"."sites"."defaultShiftDuration", "public"."sites"."timezone" FROM "public"."sites" WHERE "public"."sites"."status" = CAST($1::text AS "public"."SiteStatus") ORDER BY "public"."sites"."shortName" ASC OFFSET $2
[0mGET /api/scheduler/sites [36m304[0m 139.379 ms - -[0m
prisma:query SELECT "public"."sites"."id", "public"."sites"."siteLocationName", "public"."sites"."shortName", "public"."sites"."defaultStartTime", "public"."sites"."defaultEndTime", "public"."sites"."defaultShiftDuration", "public"."sites"."timezone" FROM "public"."sites" WHERE "public"."sites"."status" = CAST($1::text AS "public"."SiteStatus") ORDER BY "public"."sites"."shortName" ASC OFFSET $2
[0mGET /api/scheduler/sites [36m304[0m 1829.019 ms - -[0m
prisma:query SELECT "public"."sites"."id", "public"."sites"."siteLocationName", "public"."sites"."shortName", "public"."sites"."jobRefNo", "public"."sites"."status"::text, "public"."sites"."client", "public"."sites"."flatBillingRate", "public"."sites"."alertRecipient", "public"."sites"."exportId", "public"."sites"."region", "public"."sites"."remindEmployees", "public"."sites"."defaultStartTime", "public"."sites"."defaultEndTime", "public"."sites"."defaultShiftDuration", "public"."sites"."address", "public"."sites"."state", "public"."sites"."townSuburb", "public"."sites"."postalCode", "public"."sites"."timezone", "public"."sites"."latitude", "public"."sites"."longitude", "public"."sites"."geoFenceRadius", "public"."sites"."contactPerson", "public"."sites"."contactPosition", "public"."sites"."contactPhone", "public"."sites"."contactMobile", "public"."sites"."contactEmail", "public"."sites"."contactNotes", "public"."sites"."createdAt", "public"."sites"."updatedAt" FROM "public"."sites" WHERE ("public"."sites"."id" = $1 AND 1=1) LIMIT $2 OFFSET $3
prisma:query INSERT INTO "public"."shifts" ("id","employeeId","siteId","date","startTime","endTime","shiftType","status","notes","createdAt","updatedAt") VALUES ($1,$2,$3,$4,$5,$6,CAST($7::text AS "public"."ShiftType"),CAST($8::text AS "public"."ShiftStatus"),$9,$10,$11) RETURNING "public"."shifts"."id"
prisma:query SELECT "public"."shifts"."id", "public"."shifts"."employeeId", "public"."shifts"."siteId", "public"."shifts"."date", "public"."shifts"."startTime", "public"."shifts"."endTime", "public"."shifts"."shiftType"::text, "public"."shifts"."status"::text, "public"."shifts"."notes", "public"."shifts"."createdAt", "public"."shifts"."updatedAt" FROM "public"."shifts" WHERE "public"."shifts"."id" = $1 LIMIT $2 OFFSET $3
prisma:query SELECT "public"."employees"."id", "public"."employees"."firstName", "public"."employees"."lastName", "public"."employees"."email", "public"."employees"."position" FROM "public"."employees" WHERE "public"."employees"."id" = $1 OFFSET $2
prisma:query SELECT "public"."sites"."id", "public"."sites"."siteLocationName", "public"."sites"."shortName" FROM "public"."sites" WHERE "public"."sites"."id" = $1 OFFSET $2
prisma:query COMMIT
[0mPOST /api/scheduler/shifts [32m201[0m 1337.228 ms - 503[0m
prisma:query SELECT "public"."employee_sites"."id", "public"."employee_sites"."employeeId", "public"."employee_sites"."siteId", "public"."employee_sites"."assignedAt", "public"."employee_sites"."isActive" FROM "public"."employee_sites" WHERE ("public"."employee_sites"."siteId" = $1 AND "public"."employee_sites"."isActive" = $2) OFFSET $3
prisma:query SELECT "public"."employees"."id", "public"."employees"."firstName", "public"."employees"."lastName", "public"."employees"."email", "public"."employees"."phone", "public"."employees"."position", "public"."employees"."department", "public"."employees"."isActive", COALESCE("aggr_selection_0_Shift"."_aggr_count_shifts", 0) AS "_aggr_count_shifts" FROM "public"."employees" LEFT JOIN (SELECT "public"."shifts"."employeeId", COUNT(*) AS "_aggr_count_shifts" FROM "public"."shifts" WHERE 1=1 GROUP BY "public"."shifts"."employeeId") AS "aggr_selection_0_Shift" ON ("public"."employees"."id" = "aggr_selection_0_Shift"."employeeId") WHERE "public"."employees"."id" IN (NULL) OFFSET $1
[0mGET /api/scheduler/sites/cmji3rk6x0000ecl7xw5s9sez/employees [32m200[0m 155.769 ms - 26[0m
prisma:query SELECT "public"."shifts"."id", "public"."shifts"."employeeId", "public"."shifts"."siteId", "public"."shifts"."date", "public"."shifts"."startTime", "public"."shifts"."endTime", "public"."shifts"."shiftType"::text, "public"."shifts"."status"::text, "public"."shifts"."notes", "public"."shifts"."createdAt", "public"."shifts"."updatedAt" FROM "public"."shifts" WHERE ("public"."shifts"."siteId" = $1 AND "public"."shifts"."date" >= $2 AND "public"."shifts"."date" <= $3) ORDER BY "public"."shifts"."date" ASC, "public"."shifts"."startTime" ASC OFFSET $4
prisma:query SELECT "public"."employees"."id", "public"."employees"."firstName", "public"."employees"."lastName", "public"."employees"."position" FROM "public"."employees" WHERE "public"."employees"."id" IN ($1) OFFSET $2
prisma:query SELECT "public"."sites"."id", "public"."sites"."siteLocationName", "public"."sites"."shortName" FROM "public"."sites" WHERE "public"."sites"."id" IN ($1) OFFSET $2
[0mGET /api/scheduler/sites/cmji3rk6x0000ecl7xw5s9sez/shifts?startDate=2026-01-08&endDate=2026-02-04 [32m200[0m 181.285 ms - 466[0m
prisma:query SELECT "public"."employee_sites"."id", "public"."employee_sites"."employeeId", "public"."employee_sites"."siteId", "public"."employee_sites"."assignedAt", "public"."employee_sites"."isActive" FROM "public"."employee_sites" WHERE ("public"."employee_sites"."siteId" = $1 AND "public"."employee_sites"."isActive" = $2) OFFSET $3
prisma:query SELECT "public"."employees"."id", "public"."employees"."firstName", "public"."employees"."lastName", "public"."employees"."email", "public"."employees"."phone", "public"."employees"."position", "public"."employees"."department", "public"."employees"."isActive", COALESCE("aggr_selection_0_Shift"."_aggr_count_shifts", 0) AS "_aggr_count_shifts" FROM "public"."employees" LEFT JOIN (SELECT "public"."shifts"."employeeId", COUNT(*) AS "_aggr_count_shifts" FROM "public"."shifts" WHERE 1=1 GROUP BY "public"."shifts"."employeeId") AS "aggr_selection_0_Shift" ON ("public"."employees"."id" = "aggr_selection_0_Shift"."employeeId") WHERE "public"."employees"."id" IN (NULL) OFFSET $1
[0mGET /api/scheduler/sites/cmji3rk6x0000ecl7xw5s9sez/employees [36m304[0m 200.638 ms - -[0m
prisma:query SELECT "public"."shifts"."id", "public"."shifts"."employeeId", "public"."shifts"."siteId", "public"."shifts"."date", "public"."shifts"."startTime", "public"."shifts"."endTime", "public"."shifts"."shiftType"::text, "public"."shifts"."status"::text, "public"."shifts"."notes", "public"."shifts"."createdAt", "public"."shifts"."updatedAt" FROM "public"."shifts" WHERE ("public"."shifts"."siteId" = $1 AND "public"."shifts"."date" >= $2 AND "public"."shifts"."date" <= $3) ORDER BY "public"."shifts"."date" ASC, "public"."shifts"."startTime" ASC OFFSET $4
prisma:query SELECT "public"."employees"."id", "public"."employees"."firstName", "public"."employees"."lastName", "public"."employees"."position" FROM "public"."employees" WHERE "public"."employees"."id" IN ($1) OFFSET $2
prisma:query SELECT "public"."sites"."id", "public"."sites"."siteLocationName", "public"."sites"."shortName" FROM "public"."sites" WHERE "public"."sites"."id" IN ($1) OFFSET $2
[0mGET /api/scheduler/sites/cmji3rk6x0000ecl7xw5s9sez/shifts?startDate=2026-01-08&endDate=2026-01-21 [32m200[0m 167.125 ms - 466[0m
prisma:query SELECT "public"."employee_sites"."id", "public"."employee_sites"."employeeId", "public"."employee_sites"."siteId", "public"."employee_sites"."assignedAt", "public"."employee_sites"."isActive" FROM "public"."employee_sites" WHERE ("public"."employee_sites"."siteId" = $1 AND "public"."employee_sites"."isActive" = $2) OFFSET $3
prisma:query SELECT "public"."employees"."id", "public"."employees"."firstName", "public"."employees"."lastName", "public"."employees"."email", "public"."employees"."phone", "public"."employees"."position", "public"."employees"."department", "public"."employees"."isActive", COALESCE("aggr_selection_0_Shift"."_aggr_count_shifts", 0) AS "_aggr_count_shifts" FROM "public"."employees" LEFT JOIN (SELECT "public"."shifts"."employeeId", COUNT(*) AS "_aggr_count_shifts" FROM "public"."shifts" WHERE 1=1 GROUP BY "public"."shifts"."employeeId") AS "aggr_selection_0_Shift" ON ("public"."employees"."id" = "aggr_selection_0_Shift"."employeeId") WHERE "public"."employees"."id" IN (NULL) OFFSET $1
[0mGET /api/scheduler/sites/cmji3rk6x0000ecl7xw5s9sez/employees [36m304[0m 135.237 ms - -[0m
prisma:query SELECT "public"."shifts"."id", "public"."shifts"."employeeId", "public"."shifts"."siteId", "public"."shifts"."date", "public"."shifts"."startTime", "public"."shifts"."endTime", "public"."shifts"."shiftType"::text, "public"."shifts"."status"::text, "public"."shifts"."notes", "public"."shifts"."createdAt", "public"."shifts"."updatedAt" FROM "public"."shifts" WHERE ("public"."shifts"."siteId" = $1 AND "public"."shifts"."date" >= $2 AND "public"."shifts"."date" <= $3) ORDER BY "public"."shifts"."date" ASC, "public"."shifts"."startTime" ASC OFFSET $4
prisma:query SELECT "public"."employees"."id", "public"."employees"."firstName", "public"."employees"."lastName", "public"."employees"."position" FROM "public"."employees" WHERE "public"."employees"."id" IN ($1) OFFSET $2
prisma:query SELECT "public"."sites"."id", "public"."sites"."siteLocationName", "public"."sites"."shortName" FROM "public"."sites" WHERE "public"."sites"."id" IN ($1) OFFSET $2
[0mGET /api/scheduler/sites/cmji3rk6x0000ecl7xw5s9sez/shifts?startDate=2026-01-08&endDate=2026-01-28 [32m200[0m 152.781 ms - 466[0m
prisma:query SELECT COUNT(*) AS "_count$_all" FROM (SELECT "public"."sites"."id" FROM "public"."sites" WHERE "public"."sites"."status" = CAST($1::text AS "public"."SiteStatus") OFFSET $2) AS "sub"
prisma:query SELECT "public"."sites"."id", "public"."sites"."siteLocationName", "public"."sites"."shortName", "public"."sites"."jobRefNo", "public"."sites"."status"::text, "public"."sites"."client", "public"."sites"."flatBillingRate", "public"."sites"."alertRecipient", "public"."sites"."exportId", "public"."sites"."region", "public"."sites"."remindEmployees", "public"."sites"."defaultStartTime", "public"."sites"."defaultEndTime", "public"."sites"."defaultShiftDuration", "public"."sites"."address", "public"."sites"."state", "public"."sites"."townSuburb", "public"."sites"."postalCode", "public"."sites"."timezone", "public"."sites"."latitude", "public"."sites"."longitude", "public"."sites"."geoFenceRadius", "public"."sites"."contactPerson", "public"."sites"."contactPosition", "public"."sites"."contactPhone", "public"."sites"."contactMobile", "public"."sites"."contactEmail", "public"."sites"."contactNotes", "public"."sites"."createdAt", "public"."sites"."updatedAt", COALESCE("aggr_selection_0_Shift"."_aggr_count_shifts", 0) AS "_aggr_count_shifts", COALESCE("aggr_selection_1_EmployeeSite"."_aggr_count_employeeSites", 0) AS "_aggr_count_employeeSites", COALESCE("aggr_selection_2_AccessCode"."_aggr_count_accessCodes", 0) AS "_aggr_count_accessCodes" FROM "public"."sites" LEFT JOIN (SELECT "public"."shifts"."siteId", COUNT(*) AS "_aggr_count_shifts" FROM "public"."shifts" WHERE 1=1 GROUP BY "public"."shifts"."siteId") AS "aggr_selection_0_Shift" ON ("public"."sites"."id" = "aggr_selection_0_Shift"."siteId") LEFT JOIN (SELECT "public"."employee_sites"."siteId", COUNT(*) AS "_aggr_count_employeeSites" FROM "public"."employee_sites" WHERE 1=1 GROUP BY "public"."employee_sites"."siteId") AS "aggr_selection_1_EmployeeSite" ON ("public"."sites"."id" = "aggr_selection_1_EmployeeSite"."siteId") LEFT JOIN (SELECT "public"."access_codes"."siteId", COUNT(*) AS "_aggr_count_accessCodes" FROM "public"."access_codes" WHERE 1=1 GROUP BY "public"."access_codes"."siteId") AS "aggr_selection_2_AccessCode" ON ("public"."sites"."id" = "aggr_selection_2_AccessCode"."siteId") WHERE "public"."sites"."status" = CAST($1::text AS "public"."SiteStatus") ORDER BY "public"."sites"."createdAt" DESC LIMIT $2 OFFSET $3
[0mGET /api/sites?status=ACTIVE&page=1&limit=25 [32m200[0m 4358.349 ms - 906[0m
prisma:query SELECT COUNT(*) AS "_count$_all" FROM (SELECT "public"."sites"."id" FROM "public"."sites" WHERE "public"."sites"."status" = CAST($1::text AS "public"."SiteStatus") OFFSET $2) AS "sub"
prisma:query SELECT "public"."sites"."id", "public"."sites"."siteLocationName", "public"."sites"."shortName", "public"."sites"."jobRefNo", "public"."sites"."status"::text, "public"."sites"."client", "public"."sites"."flatBillingRate", "public"."sites"."alertRecipient", "public"."sites"."exportId", "public"."sites"."region", "public"."sites"."remindEmployees", "public"."sites"."defaultStartTime", "public"."sites"."defaultEndTime", "public"."sites"."defaultShiftDuration", "public"."sites"."address", "public"."sites"."state", "public"."sites"."townSuburb", "public"."sites"."postalCode", "public"."sites"."timezone", "public"."sites"."latitude", "public"."sites"."longitude", "public"."sites"."geoFenceRadius", "public"."sites"."contactPerson", "public"."sites"."contactPosition", "public"."sites"."contactPhone", "public"."sites"."contactMobile", "public"."sites"."contactEmail", "public"."sites"."contactNotes", "public"."sites"."createdAt", "public"."sites"."updatedAt", COALESCE("aggr_selection_0_Shift"."_aggr_count_shifts", 0) AS "_aggr_count_shifts", COALESCE("aggr_selection_1_EmployeeSite"."_aggr_count_employeeSites", 0) AS "_aggr_count_employeeSites", COALESCE("aggr_selection_2_AccessCode"."_aggr_count_accessCodes", 0) AS "_aggr_count_accessCodes" FROM "public"."sites" LEFT JOIN (SELECT "public"."shifts"."siteId", COUNT(*) AS "_aggr_count_shifts" FROM "public"."shifts" WHERE 1=1 GROUP BY "public"."shifts"."siteId") AS "aggr_selection_0_Shift" ON ("public"."sites"."id" = "aggr_selection_0_Shift"."siteId") LEFT JOIN (SELECT "public"."employee_sites"."siteId", COUNT(*) AS "_aggr_count_employeeSites" FROM "public"."employee_sites" WHERE 1=1 GROUP BY "public"."employee_sites"."siteId") AS "aggr_selection_1_EmployeeSite" ON ("public"."sites"."id" = "aggr_selection_1_EmployeeSite"."siteId") LEFT JOIN (SELECT "public"."access_codes"."siteId", COUNT(*) AS "_aggr_count_accessCodes" FROM "public"."access_codes" WHERE 1=1 GROUP BY "public"."access_codes"."siteId") AS "aggr_selection_2_AccessCode" ON ("public"."sites"."id" = "aggr_selection_2_AccessCode"."siteId") WHERE "public"."sites"."status" = CAST($1::text AS "public"."SiteStatus") ORDER BY "public"."sites"."createdAt" DESC LIMIT $2 OFFSET $3
[0mGET /api/sites?status=ACTIVE&page=1&limit=25 [36m304[0m 229.686 ms - -[0m
prisma:query SELECT COUNT(*) AS "_count$_all" FROM (SELECT "public"."sites"."id" FROM "public"."sites" WHERE 1=1 OFFSET $1) AS "sub"
prisma:query SELECT "public"."sites"."id", "public"."sites"."siteLocationName", "public"."sites"."shortName", "public"."sites"."jobRefNo", "public"."sites"."status"::text, "public"."sites"."client", "public"."sites"."flatBillingRate", "public"."sites"."alertRecipient", "public"."sites"."exportId", "public"."sites"."region", "public"."sites"."remindEmployees", "public"."sites"."defaultStartTime", "public"."sites"."defaultEndTime", "public"."sites"."defaultShiftDuration", "public"."sites"."address", "public"."sites"."state", "public"."sites"."townSuburb", "public"."sites"."postalCode", "public"."sites"."timezone", "public"."sites"."latitude", "public"."sites"."longitude", "public"."sites"."geoFenceRadius", "public"."sites"."contactPerson", "public"."sites"."contactPosition", "public"."sites"."contactPhone", "public"."sites"."contactMobile", "public"."sites"."contactEmail", "public"."sites"."contactNotes", "public"."sites"."createdAt", "public"."sites"."updatedAt", COALESCE("aggr_selection_0_Shift"."_aggr_count_shifts", 0) AS "_aggr_count_shifts", COALESCE("aggr_selection_1_EmployeeSite"."_aggr_count_employeeSites", 0) AS "_aggr_count_employeeSites", COALESCE("aggr_selection_2_AccessCode"."_aggr_count_accessCodes", 0) AS "_aggr_count_accessCodes" FROM "public"."sites" LEFT JOIN (SELECT "public"."shifts"."siteId", COUNT(*) AS "_aggr_count_shifts" FROM "public"."shifts" WHERE 1=1 GROUP BY "public"."shifts"."siteId") AS "aggr_selection_0_Shift" ON ("public"."sites"."id" = "aggr_selection_0_Shift"."siteId") LEFT JOIN (SELECT "public"."employee_sites"."siteId", COUNT(*) AS "_aggr_count_employeeSites" FROM "public"."employee_sites" WHERE 1=1 GROUP BY "public"."employee_sites"."siteId") AS "aggr_selection_1_EmployeeSite" ON ("public"."sites"."id" = "aggr_selection_1_EmployeeSite"."siteId") LEFT JOIN (SELECT "public"."access_codes"."siteId", COUNT(*) AS "_aggr_count_accessCodes" FROM "public"."access_codes" WHERE 1=1 GROUP BY "public"."access_codes"."siteId") AS "aggr_selection_2_AccessCode" ON ("public"."sites"."id" = "aggr_selection_2_AccessCode"."siteId") WHERE 1=1 ORDER BY "public"."sites"."createdAt" DESC LIMIT $1 OFFSET $2
[0mGET /api/sites?page=1&limit=25 [32m200[0m 425.721 ms - 906[0m
prisma:query SELECT COUNT(*) AS "_count$_all" FROM (SELECT "public"."sites"."id" FROM "public"."sites" WHERE "public"."sites"."status" = CAST($1::text AS "public"."SiteStatus") OFFSET $2) AS "sub"
prisma:query SELECT "public"."sites"."id", "public"."sites"."siteLocationName", "public"."sites"."shortName", "public"."sites"."jobRefNo", "public"."sites"."status"::text, "public"."sites"."client", "public"."sites"."flatBillingRate", "public"."sites"."alertRecipient", "public"."sites"."exportId", "public"."sites"."region", "public"."sites"."remindEmployees", "public"."sites"."defaultStartTime", "public"."sites"."defaultEndTime", "public"."sites"."defaultShiftDuration", "public"."sites"."address", "public"."sites"."state", "public"."sites"."townSuburb", "public"."sites"."postalCode", "public"."sites"."timezone", "public"."sites"."latitude", "public"."sites"."longitude", "public"."sites"."geoFenceRadius", "public"."sites"."contactPerson", "public"."sites"."contactPosition", "public"."sites"."contactPhone", "public"."sites"."contactMobile", "public"."sites"."contactEmail", "public"."sites"."contactNotes", "public"."sites"."createdAt", "public"."sites"."updatedAt", COALESCE("aggr_selection_0_Shift"."_aggr_count_shifts", 0) AS "_aggr_count_shifts", COALESCE("aggr_selection_1_EmployeeSite"."_aggr_count_employeeSites", 0) AS "_aggr_count_employeeSites", COALESCE("aggr_selection_2_AccessCode"."_aggr_count_accessCodes", 0) AS "_aggr_count_accessCodes" FROM "public"."sites" LEFT JOIN (SELECT "public"."shifts"."siteId", COUNT(*) AS "_aggr_count_shifts" FROM "public"."shifts" WHERE 1=1 GROUP BY "public"."shifts"."siteId") AS "aggr_selection_0_Shift" ON ("public"."sites"."id" = "aggr_selection_0_Shift"."siteId") LEFT JOIN (SELECT "public"."employee_sites"."siteId", COUNT(*) AS "_aggr_count_employeeSites" FROM "public"."employee_sites" WHERE 1=1 GROUP BY "public"."employee_sites"."siteId") AS "aggr_selection_1_EmployeeSite" ON ("public"."sites"."id" = "aggr_selection_1_EmployeeSite"."siteId") LEFT JOIN (SELECT "public"."access_codes"."siteId", COUNT(*) AS "_aggr_count_accessCodes" FROM "public"."access_codes" WHERE 1=1 GROUP BY "public"."access_codes"."siteId") AS "aggr_selection_2_AccessCode" ON ("public"."sites"."id" = "aggr_selection_2_AccessCode"."siteId") WHERE "public"."sites"."status" = CAST($1::text AS "public"."SiteStatus") ORDER BY "public"."sites"."createdAt" DESC LIMIT $2 OFFSET $3
[0mGET /api/sites?status=ACTIVE&page=1&limit=25 [36m304[0m 222.273 ms - -[0m
[32m[nodemon] restarting due to changes...[39m
[32m[nodemon] starting `node src/index.js`[39m
[dotenv@17.2.3] injecting env (7) from .env -- tip: ðŸ“¡ add observability to secrets: https://dotenvx.com/ops
[dotenv@17.2.3] injecting env (0) from .env -- tip: âœ… audit secrets and track compliance: https://dotenvx.com/ops
âœ“ Database connected successfully
âœ“ Server running on port 5000
âœ“ Environment: development
[32m[nodemon] clean exit - waiting for changes before restart[39m
[32m[nodemon] restarting due to changes...[39m
[32m[nodemon] starting `node src/index.js`[39m
[dotenv@17.2.3] injecting env (7) from .env -- tip: âš™ï¸  write to custom object with { processEnv: myObject }
[dotenv@17.2.3] injecting env (0) from .env -- tip: ðŸ—‚ï¸ backup and recover secrets: https://dotenvx.com/ops
âœ“ Database connected successfully
âœ“ Server running on port 5000
âœ“ Environment: development
[32m[nodemon] restarting due to changes...[39m
[32m[nodemon] starting `node src/index.js`[39m
[dotenv@17.2.3] injecting env (7) from .env -- tip: ðŸ—‚ï¸ backup and recover secrets: https://dotenvx.com/ops
[dotenv@17.2.3] injecting env (0) from .env -- tip: ðŸ” encrypt with Dotenvx: https://dotenvx.com
âœ“ Database connected successfully
âœ“ Server running on port 5000
âœ“ Environment: development
[32m[nodemon] clean exit - waiting for changes before restart[39m
[32m[nodemon] restarting due to changes...[39m
[32m[nodemon] starting `node src/index.js`[39m
[dotenv@17.2.3] injecting env (7) from .env -- tip: ðŸ“¡ add observability to secrets: https://dotenvx.com/ops
[dotenv@17.2.3] injecting env (0) from .env -- tip: âš™ï¸  load multiple .env files with { path: ['.env.local', '.env'] }
âœ“ Database connected successfully
âœ“ Server running on port 5000
âœ“ Environment: development
[32m[nodemon] restarting due to changes...[39m
[32m[nodemon] starting `node src/index.js`[39m
[dotenv@17.2.3] injecting env (7) from .env -- tip: ðŸ‘¥ sync secrets across teammates & machines: https://dotenvx.com/ops
[dotenv@17.2.3] injecting env (0) from .env -- tip: âš™ï¸  enable debug logging with { debug: true }
âœ“ Database connected successfully
âœ“ Server running on port 5000
âœ“ Environment: development
[32m[nodemon] clean exit - waiting for changes before restart[39m
